<?xml version="1.0" encoding="UTF-8"?>
<testng-results ignored="0" total="1" passed="1" failed="0" skipped="0">
  <reporter-output>
  </reporter-output>
  <suite started-at="2020-06-22T18:57:59Z" name="Default suite" finished-at="2020-06-22T18:58:04Z" duration-ms="4252">
    <groups>
    </groups>
    <test started-at="2020-06-22T18:57:59Z" name="Default test" finished-at="2020-06-22T18:58:04Z" duration-ms="4252">
      <class name="excel.Excel_RESTAssured.ExcelDriven">
        <test-method signature="addBook()[pri:0, instance:excel.Excel_RESTAssured.ExcelDriven@58ea606c]" started-at="2020-06-22T18:57:59Z" name="addBook" finished-at="2020-06-22T18:58:04Z" duration-ms="4221" status="PASS">
          <reporter-output>
          </reporter-output>
        </test-method> <!-- addBook -->
      </class> <!-- excel.Excel_RESTAssured.ExcelDriven -->
    </test> <!-- Default test -->
  </suite> <!-- Default suite -->
</testng-results>
